-------------------------------------------------------------------------------
Test set: com.nttdata.ServiceConsumoApplicationTests
-------------------------------------------------------------------------------
Tests run: 1, Failures: 0, Errors: 1, Skipped: 0, Time elapsed: 8.361 s <<< FAILURE! - in com.nttdata.ServiceConsumoApplicationTests
contextLoads  Time elapsed: 0.011 s  <<< ERROR!
java.lang.IllegalStateException: Failed to load ApplicationContext
Caused by: org.springframework.beans.factory.UnsatisfiedDependencyException: Error creating bean with name 'consumptionController' defined in file [C:\Users\jmejiabe\Documents\nttdata\Projects\week1\version2\service-consumo\target\classes\com\nttdata\controller\ConsumptionController.class]: Unsatisfied dependency expressed through constructor parameter 0; nested exception is org.springframework.beans.factory.UnsatisfiedDependencyException: Error creating bean with name 'accountServiceImpl' defined in file [C:\Users\jmejiabe\Documents\nttdata\Projects\week1\version2\service-consumo\target\classes\com\nttdata\service\impl\AccountServiceImpl.class]: Unsatisfied dependency expressed through constructor parameter 2; nested exception is org.springframework.beans.factory.BeanCreationException: Error creating bean with name 'productClientResultImpl' defined in file [C:\Users\jmejiabe\Documents\nttdata\Projects\week1\version2\service-consumo\target\classes\com\nttdata\webclient\ProductClientResultImpl.class]: Unexpected exception during bean creation; nested exception is java.lang.IllegalArgumentException: Could not resolve placeholder 'clientHost' in value "${clientHost}"
Caused by: org.springframework.beans.factory.UnsatisfiedDependencyException: Error creating bean with name 'accountServiceImpl' defined in file [C:\Users\jmejiabe\Documents\nttdata\Projects\week1\version2\service-consumo\target\classes\com\nttdata\service\impl\AccountServiceImpl.class]: Unsatisfied dependency expressed through constructor parameter 2; nested exception is org.springframework.beans.factory.BeanCreationException: Error creating bean with name 'productClientResultImpl' defined in file [C:\Users\jmejiabe\Documents\nttdata\Projects\week1\version2\service-consumo\target\classes\com\nttdata\webclient\ProductClientResultImpl.class]: Unexpected exception during bean creation; nested exception is java.lang.IllegalArgumentException: Could not resolve placeholder 'clientHost' in value "${clientHost}"
Caused by: org.springframework.beans.factory.BeanCreationException: Error creating bean with name 'productClientResultImpl' defined in file [C:\Users\jmejiabe\Documents\nttdata\Projects\week1\version2\service-consumo\target\classes\com\nttdata\webclient\ProductClientResultImpl.class]: Unexpected exception during bean creation; nested exception is java.lang.IllegalArgumentException: Could not resolve placeholder 'clientHost' in value "${clientHost}"
Caused by: java.lang.IllegalArgumentException: Could not resolve placeholder 'clientHost' in value "${clientHost}"

